<?xml version="1.0" encoding="UTF-8"?>
<testsuite xmlns:xsi="http://www.w3.org/2001/XMLSchema-instance" xsi:noNamespaceSchemaLocation="https://maven.apache.org/surefire/maven-surefire-plugin/xsd/surefire-test-report-3.0.xsd" version="3.0" name="com.mt.sample.test.HelloWorldTest" time="0.287" tests="1" errors="0" skipped="0" failures="0">
  <properties>
    <property name="awt.toolkit" value="sun.awt.X11.XToolkit"/>
    <property name="file.encoding.pkg" value="sun.io"/>
    <property name="java.specification.version" value="1.8"/>
    <property name="sun.cpu.isalist" value=""/>
    <property name="sun.jnu.encoding" value="UTF-8"/>
    <property name="java.class.path" value="/home/devy2/jp/maven-standalone-application/target/test-classes:/home/devy2/jp/maven-standalone-application/target/classes:/home/devy2/bmlr/org/seleniumhq/selenium/selenium-java/4.23.0/selenium-java-4.23.0.jar:/home/devy2/bmlr/org/seleniumhq/selenium/selenium-api/4.23.0/selenium-api-4.23.0.jar:/home/devy2/bmlr/org/seleniumhq/selenium/selenium-chrome-driver/4.23.0/selenium-chrome-driver-4.23.0.jar:/home/devy2/bmlr/com/google/auto/service/auto-service-annotations/1.1.1/auto-service-annotations-1.1.1.jar:/home/devy2/bmlr/org/seleniumhq/selenium/selenium-chromium-driver/4.23.0/selenium-chromium-driver-4.23.0.jar:/home/devy2/bmlr/org/seleniumhq/selenium/selenium-json/4.23.0/selenium-json-4.23.0.jar:/home/devy2/bmlr/org/seleniumhq/selenium/selenium-manager/4.23.0/selenium-manager-4.23.0.jar:/home/devy2/bmlr/org/seleniumhq/selenium/selenium-devtools-v125/4.23.0/selenium-devtools-v125-4.23.0.jar:/home/devy2/bmlr/org/seleniumhq/selenium/selenium-devtools-v126/4.23.0/selenium-devtools-v126-4.23.0.jar:/home/devy2/bmlr/org/seleniumhq/selenium/selenium-devtools-v127/4.23.0/selenium-devtools-v127-4.23.0.jar:/home/devy2/bmlr/org/seleniumhq/selenium/selenium-devtools-v85/4.23.0/selenium-devtools-v85-4.23.0.jar:/home/devy2/bmlr/org/seleniumhq/selenium/selenium-edge-driver/4.23.0/selenium-edge-driver-4.23.0.jar:/home/devy2/bmlr/org/seleniumhq/selenium/selenium-firefox-driver/4.23.0/selenium-firefox-driver-4.23.0.jar:/home/devy2/bmlr/org/seleniumhq/selenium/selenium-http/4.23.0/selenium-http-4.23.0.jar:/home/devy2/bmlr/dev/failsafe/failsafe/3.3.2/failsafe-3.3.2.jar:/home/devy2/bmlr/org/seleniumhq/selenium/selenium-ie-driver/4.23.0/selenium-ie-driver-4.23.0.jar:/home/devy2/bmlr/org/seleniumhq/selenium/selenium-remote-driver/4.23.0/selenium-remote-driver-4.23.0.jar:/home/devy2/bmlr/com/google/guava/guava/33.2.1-jre/guava-33.2.1-jre.jar:/home/devy2/bmlr/com/google/guava/failureaccess/1.0.2/failureaccess-1.0.2.jar:/home/devy2/bmlr/com/google/guava/listenablefuture/9999.0-empty-to-avoid-conflict-with-guava/listenablefuture-9999.0-empty-to-avoid-conflict-with-guava.jar:/home/devy2/bmlr/com/google/code/findbugs/jsr305/3.0.2/jsr305-3.0.2.jar:/home/devy2/bmlr/org/checkerframework/checker-qual/3.42.0/checker-qual-3.42.0.jar:/home/devy2/bmlr/com/google/errorprone/error_prone_annotations/2.26.1/error_prone_annotations-2.26.1.jar:/home/devy2/bmlr/com/google/j2objc/j2objc-annotations/3.0.0/j2objc-annotations-3.0.0.jar:/home/devy2/bmlr/io/opentelemetry/semconv/opentelemetry-semconv/1.25.0-alpha/opentelemetry-semconv-1.25.0-alpha.jar:/home/devy2/bmlr/io/opentelemetry/opentelemetry-api/1.40.0/opentelemetry-api-1.40.0.jar:/home/devy2/bmlr/io/opentelemetry/opentelemetry-context/1.40.0/opentelemetry-context-1.40.0.jar:/home/devy2/bmlr/io/opentelemetry/opentelemetry-exporter-logging/1.40.0/opentelemetry-exporter-logging-1.40.0.jar:/home/devy2/bmlr/io/opentelemetry/opentelemetry-sdk-common/1.40.0/opentelemetry-sdk-common-1.40.0.jar:/home/devy2/bmlr/io/opentelemetry/opentelemetry-sdk-extension-autoconfigure-spi/1.40.0/opentelemetry-sdk-extension-autoconfigure-spi-1.40.0.jar:/home/devy2/bmlr/io/opentelemetry/opentelemetry-sdk-extension-autoconfigure/1.40.0/opentelemetry-sdk-extension-autoconfigure-1.40.0.jar:/home/devy2/bmlr/io/opentelemetry/opentelemetry-api-incubator/1.40.0-alpha/opentelemetry-api-incubator-1.40.0-alpha.jar:/home/devy2/bmlr/io/opentelemetry/opentelemetry-sdk-trace/1.40.0/opentelemetry-sdk-trace-1.40.0.jar:/home/devy2/bmlr/io/opentelemetry/opentelemetry-sdk/1.40.0/opentelemetry-sdk-1.40.0.jar:/home/devy2/bmlr/io/opentelemetry/opentelemetry-sdk-metrics/1.40.0/opentelemetry-sdk-metrics-1.40.0.jar:/home/devy2/bmlr/io/opentelemetry/opentelemetry-sdk-logs/1.40.0/opentelemetry-sdk-logs-1.40.0.jar:/home/devy2/bmlr/net/bytebuddy/byte-buddy/1.14.18/byte-buddy-1.14.18.jar:/home/devy2/bmlr/org/seleniumhq/selenium/selenium-os/4.23.0/selenium-os-4.23.0.jar:/home/devy2/bmlr/org/apache/commons/commons-exec/1.4.0/commons-exec-1.4.0.jar:/home/devy2/bmlr/org/seleniumhq/selenium/selenium-safari-driver/4.23.0/selenium-safari-driver-4.23.0.jar:/home/devy2/bmlr/org/seleniumhq/selenium/selenium-support/4.23.0/selenium-support-4.23.0.jar:/home/devy2/bmlr/junit/junit/3.8.1/junit-3.8.1.jar:"/>
    <property name="java.vm.vendor" value="Red Hat, Inc."/>
    <property name="sun.arch.data.model" value="64"/>
    <property name="java.vendor.url" value="https://www.redhat.com/"/>
    <property name="user.timezone" value=""/>
    <property name="java.vm.specification.version" value="1.8"/>
    <property name="os.name" value="Linux"/>
    <property name="user.country" value="US"/>
    <property name="sun.java.launcher" value="SUN_STANDARD"/>
    <property name="sun.boot.library.path" value="/usr/lib/jvm/java-1.8.0-openjdk-1.8.0.422.b05-2.el8.x86_64/jre/lib/amd64"/>
    <property name="sun.java.command" value="/home/devy2/jp/maven-standalone-application/target/surefire/surefirebooter-20240726035803695_3.jar /home/devy2/jp/maven-standalone-application/target/surefire 2024-07-26T03-58-02_704-jvmRun1 surefire-20240726035803695_1tmp surefire_0-20240726035803695_2tmp"/>
    <property name="surefire.test.class.path" value="/home/devy2/jp/maven-standalone-application/target/test-classes:/home/devy2/jp/maven-standalone-application/target/classes:/home/devy2/bmlr/org/seleniumhq/selenium/selenium-java/4.23.0/selenium-java-4.23.0.jar:/home/devy2/bmlr/org/seleniumhq/selenium/selenium-api/4.23.0/selenium-api-4.23.0.jar:/home/devy2/bmlr/org/seleniumhq/selenium/selenium-chrome-driver/4.23.0/selenium-chrome-driver-4.23.0.jar:/home/devy2/bmlr/com/google/auto/service/auto-service-annotations/1.1.1/auto-service-annotations-1.1.1.jar:/home/devy2/bmlr/org/seleniumhq/selenium/selenium-chromium-driver/4.23.0/selenium-chromium-driver-4.23.0.jar:/home/devy2/bmlr/org/seleniumhq/selenium/selenium-json/4.23.0/selenium-json-4.23.0.jar:/home/devy2/bmlr/org/seleniumhq/selenium/selenium-manager/4.23.0/selenium-manager-4.23.0.jar:/home/devy2/bmlr/org/seleniumhq/selenium/selenium-devtools-v125/4.23.0/selenium-devtools-v125-4.23.0.jar:/home/devy2/bmlr/org/seleniumhq/selenium/selenium-devtools-v126/4.23.0/selenium-devtools-v126-4.23.0.jar:/home/devy2/bmlr/org/seleniumhq/selenium/selenium-devtools-v127/4.23.0/selenium-devtools-v127-4.23.0.jar:/home/devy2/bmlr/org/seleniumhq/selenium/selenium-devtools-v85/4.23.0/selenium-devtools-v85-4.23.0.jar:/home/devy2/bmlr/org/seleniumhq/selenium/selenium-edge-driver/4.23.0/selenium-edge-driver-4.23.0.jar:/home/devy2/bmlr/org/seleniumhq/selenium/selenium-firefox-driver/4.23.0/selenium-firefox-driver-4.23.0.jar:/home/devy2/bmlr/org/seleniumhq/selenium/selenium-http/4.23.0/selenium-http-4.23.0.jar:/home/devy2/bmlr/dev/failsafe/failsafe/3.3.2/failsafe-3.3.2.jar:/home/devy2/bmlr/org/seleniumhq/selenium/selenium-ie-driver/4.23.0/selenium-ie-driver-4.23.0.jar:/home/devy2/bmlr/org/seleniumhq/selenium/selenium-remote-driver/4.23.0/selenium-remote-driver-4.23.0.jar:/home/devy2/bmlr/com/google/guava/guava/33.2.1-jre/guava-33.2.1-jre.jar:/home/devy2/bmlr/com/google/guava/failureaccess/1.0.2/failureaccess-1.0.2.jar:/home/devy2/bmlr/com/google/guava/listenablefuture/9999.0-empty-to-avoid-conflict-with-guava/listenablefuture-9999.0-empty-to-avoid-conflict-with-guava.jar:/home/devy2/bmlr/com/google/code/findbugs/jsr305/3.0.2/jsr305-3.0.2.jar:/home/devy2/bmlr/org/checkerframework/checker-qual/3.42.0/checker-qual-3.42.0.jar:/home/devy2/bmlr/com/google/errorprone/error_prone_annotations/2.26.1/error_prone_annotations-2.26.1.jar:/home/devy2/bmlr/com/google/j2objc/j2objc-annotations/3.0.0/j2objc-annotations-3.0.0.jar:/home/devy2/bmlr/io/opentelemetry/semconv/opentelemetry-semconv/1.25.0-alpha/opentelemetry-semconv-1.25.0-alpha.jar:/home/devy2/bmlr/io/opentelemetry/opentelemetry-api/1.40.0/opentelemetry-api-1.40.0.jar:/home/devy2/bmlr/io/opentelemetry/opentelemetry-context/1.40.0/opentelemetry-context-1.40.0.jar:/home/devy2/bmlr/io/opentelemetry/opentelemetry-exporter-logging/1.40.0/opentelemetry-exporter-logging-1.40.0.jar:/home/devy2/bmlr/io/opentelemetry/opentelemetry-sdk-common/1.40.0/opentelemetry-sdk-common-1.40.0.jar:/home/devy2/bmlr/io/opentelemetry/opentelemetry-sdk-extension-autoconfigure-spi/1.40.0/opentelemetry-sdk-extension-autoconfigure-spi-1.40.0.jar:/home/devy2/bmlr/io/opentelemetry/opentelemetry-sdk-extension-autoconfigure/1.40.0/opentelemetry-sdk-extension-autoconfigure-1.40.0.jar:/home/devy2/bmlr/io/opentelemetry/opentelemetry-api-incubator/1.40.0-alpha/opentelemetry-api-incubator-1.40.0-alpha.jar:/home/devy2/bmlr/io/opentelemetry/opentelemetry-sdk-trace/1.40.0/opentelemetry-sdk-trace-1.40.0.jar:/home/devy2/bmlr/io/opentelemetry/opentelemetry-sdk/1.40.0/opentelemetry-sdk-1.40.0.jar:/home/devy2/bmlr/io/opentelemetry/opentelemetry-sdk-metrics/1.40.0/opentelemetry-sdk-metrics-1.40.0.jar:/home/devy2/bmlr/io/opentelemetry/opentelemetry-sdk-logs/1.40.0/opentelemetry-sdk-logs-1.40.0.jar:/home/devy2/bmlr/net/bytebuddy/byte-buddy/1.14.18/byte-buddy-1.14.18.jar:/home/devy2/bmlr/org/seleniumhq/selenium/selenium-os/4.23.0/selenium-os-4.23.0.jar:/home/devy2/bmlr/org/apache/commons/commons-exec/1.4.0/commons-exec-1.4.0.jar:/home/devy2/bmlr/org/seleniumhq/selenium/selenium-safari-driver/4.23.0/selenium-safari-driver-4.23.0.jar:/home/devy2/bmlr/org/seleniumhq/selenium/selenium-support/4.23.0/selenium-support-4.23.0.jar:/home/devy2/bmlr/junit/junit/3.8.1/junit-3.8.1.jar:"/>
    <property name="sun.cpu.endian" value="little"/>
    <property name="user.home" value="/home/devy2"/>
    <property name="user.language" value="en"/>
    <property name="java.specification.vendor" value="Oracle Corporation"/>
    <property name="java.home" value="/usr/lib/jvm/java-1.8.0-openjdk-1.8.0.422.b05-2.el8.x86_64/jre"/>
    <property name="basedir" value="/home/devy2/jp/maven-standalone-application"/>
    <property name="file.separator" value="/"/>
    <property name="line.separator" value="&#10;"/>
    <property name="java.vm.specification.vendor" value="Oracle Corporation"/>
    <property name="java.specification.name" value="Java Platform API Specification"/>
    <property name="java.awt.graphicsenv" value="sun.awt.X11GraphicsEnvironment"/>
    <property name="surefire.real.class.path" value="/home/devy2/jp/maven-standalone-application/target/surefire/surefirebooter-20240726035803695_3.jar"/>
    <property name="sun.boot.class.path" value="/usr/lib/jvm/java-1.8.0-openjdk-1.8.0.422.b05-2.el8.x86_64/jre/lib/resources.jar:/usr/lib/jvm/java-1.8.0-openjdk-1.8.0.422.b05-2.el8.x86_64/jre/lib/rt.jar:/usr/lib/jvm/java-1.8.0-openjdk-1.8.0.422.b05-2.el8.x86_64/jre/lib/sunrsasign.jar:/usr/lib/jvm/java-1.8.0-openjdk-1.8.0.422.b05-2.el8.x86_64/jre/lib/jsse.jar:/usr/lib/jvm/java-1.8.0-openjdk-1.8.0.422.b05-2.el8.x86_64/jre/lib/jce.jar:/usr/lib/jvm/java-1.8.0-openjdk-1.8.0.422.b05-2.el8.x86_64/jre/lib/charsets.jar:/usr/lib/jvm/java-1.8.0-openjdk-1.8.0.422.b05-2.el8.x86_64/jre/lib/jfr.jar:/usr/lib/jvm/java-1.8.0-openjdk-1.8.0.422.b05-2.el8.x86_64/jre/classes"/>
    <property name="sun.management.compiler" value="HotSpot 64-Bit Tiered Compilers"/>
    <property name="java.runtime.version" value="1.8.0_422-b05"/>
    <property name="user.name" value="devy2"/>
    <property name="path.separator" value=":"/>
    <property name="os.version" value="4.18.0-553.8.1.el8_10.x86_64"/>
    <property name="java.endorsed.dirs" value="/usr/lib/jvm/java-1.8.0-openjdk-1.8.0.422.b05-2.el8.x86_64/jre/lib/endorsed"/>
    <property name="java.runtime.name" value="OpenJDK Runtime Environment"/>
    <property name="file.encoding" value="UTF-8"/>
    <property name="java.vm.name" value="OpenJDK 64-Bit Server VM"/>
    <property name="localRepository" value="/home/devy2/bmlr"/>
    <property name="java.vendor.url.bug" value="https://access.redhat.com/support/cases/"/>
    <property name="java.io.tmpdir" value="/tmp"/>
    <property name="java.version" value="1.8.0_422"/>
    <property name="user.dir" value="/home/devy2/jp/maven-standalone-application"/>
    <property name="os.arch" value="amd64"/>
    <property name="java.vm.specification.name" value="Java Virtual Machine Specification"/>
    <property name="java.awt.printerjob" value="sun.print.PSPrinterJob"/>
    <property name="sun.os.patch.level" value="unknown"/>
    <property name="java.library.path" value="/usr/java/packages/lib/amd64:/usr/lib64:/lib64:/lib:/usr/lib"/>
    <property name="java.vm.info" value="mixed mode"/>
    <property name="java.vendor" value="Red Hat, Inc."/>
    <property name="java.vm.version" value="25.422-b05"/>
    <property name="java.specification.maintenance.version" value="5"/>
    <property name="java.ext.dirs" value="/usr/lib/jvm/java-1.8.0-openjdk-1.8.0.422.b05-2.el8.x86_64/jre/lib/ext:/usr/java/packages/lib/ext"/>
    <property name="sun.io.unicode.encoding" value="UnicodeLittle"/>
    <property name="java.class.version" value="52.0"/>
  </properties>
  <testcase name="testApp" classname="com.mt.sample.test.HelloWorldTest" time="0.046"/>
</testsuite>